{"level":"info","message":"服务器已启动，运行在 development 模式下","service":"jewelry-shop","timestamp":"2024-12-20 04:35:28"}
{"level":"info","message":"监听端口: 3000","service":"jewelry-shop","timestamp":"2024-12-20 04:35:28"}
{"level":"info","message":"API地址: http://localhost:3000/api/v1","service":"jewelry-shop","timestamp":"2024-12-20 04:35:28"}
{"code":"ER_ACCESS_DENIED_ERROR","errno":1045,"level":"error","message":"数据库连接失败: Access denied for user 'root'@'localhost' (using password: YES)","service":"jewelry-shop","sqlMessage":"Access denied for user 'root'@'localhost' (using password: YES)","sqlState":"28000","stack":"Error: Access denied for user 'root'@'localhost' (using password: YES)\n    at Packet.asError (/Users/xiaoyang/Downloads/xm/ds/server/node_modules/mysql2/lib/packets/packet.js:740:17)\n    at ClientHandshake.execute (/Users/xiaoyang/Downloads/xm/ds/server/node_modules/mysql2/lib/commands/command.js:29:26)\n    at PoolConnection.handlePacket (/Users/xiaoyang/Downloads/xm/ds/server/node_modules/mysql2/lib/base/connection.js:475:34)\n    at PacketParser.onPacket (/Users/xiaoyang/Downloads/xm/ds/server/node_modules/mysql2/lib/base/connection.js:93:12)\n    at PacketParser.executeStart (/Users/xiaoyang/Downloads/xm/ds/server/node_modules/mysql2/lib/packet_parser.js:75:16)\n    at Socket.<anonymous> (/Users/xiaoyang/Downloads/xm/ds/server/node_modules/mysql2/lib/base/connection.js:100:25)\n    at Socket.emit (node:events:513:28)\n    at addChunk (node:internal/streams/readable:559:12)\n    at readableAddChunkPushByteMode (node:internal/streams/readable:510:3)\n    at Readable.push (node:internal/streams/readable:390:5)","timestamp":"2024-12-20 04:35:28"}
{"level":"info","message":"服务器已启动，运行在 development 模式下","service":"jewelry-shop","timestamp":"2024-12-20 04:43:19"}
{"level":"info","message":"监听端口: 3000","service":"jewelry-shop","timestamp":"2024-12-20 04:43:19"}
{"level":"info","message":"API地址: http://localhost:3000/api/v1","service":"jewelry-shop","timestamp":"2024-12-20 04:43:19"}
{"level":"info","message":"服务器已启动，运行在 development 模式下","service":"jewelry-shop","timestamp":"2024-12-20 04:43:20"}
{"level":"info","message":"监听端口: 3000","service":"jewelry-shop","timestamp":"2024-12-20 04:43:20"}
{"level":"info","message":"API地址: http://localhost:3000/api/v1","service":"jewelry-shop","timestamp":"2024-12-20 04:43:20"}
{"level":"info","message":"服务器已启动，运行在 development 模式下","service":"jewelry-shop","timestamp":"2024-12-20 04:43:32"}
{"level":"info","message":"监听端口: 3000","service":"jewelry-shop","timestamp":"2024-12-20 04:43:32"}
{"level":"info","message":"API地址: http://localhost:3000/api/v1","service":"jewelry-shop","timestamp":"2024-12-20 04:43:32"}
{"level":"info","message":"服务器已启动，运行在 development 模式下","service":"jewelry-shop","timestamp":"2024-12-20 04:48:04"}
{"level":"info","message":"监听端口: 3000","service":"jewelry-shop","timestamp":"2024-12-20 04:48:04"}
{"level":"info","message":"API地址: http://localhost:3000/api/v1","service":"jewelry-shop","timestamp":"2024-12-20 04:48:04"}
{"level":"info","message":"数据库连接成功","service":"jewelry-shop","timestamp":"2024-12-20 04:48:04"}
{"ip":"::1","level":"info","message":"Request started","method":"POST","requestId":"8uyhv","service":"jewelry-shop","timestamp":"2024-12-20 04:50:53","url":"/api/v1/auth/register","userAgent":"curl/8.7.1"}
{"duration":"8ms","level":"info","message":"Request completed","method":"POST","requestId":"8uyhv","service":"jewelry-shop","status":404,"timestamp":"2024-12-20 04:50:53","url":"/api/v1/auth/register"}
{"level":"info","message":"服务器已启动，运行在 development 模式下","service":"jewelry-shop","timestamp":"2024-12-20 04:51:04"}
{"level":"info","message":"监听端口: 3000","service":"jewelry-shop","timestamp":"2024-12-20 04:51:04"}
{"level":"info","message":"API地址: http://localhost:3000/api/v1","service":"jewelry-shop","timestamp":"2024-12-20 04:51:04"}
{"level":"info","message":"数据库连接成功","service":"jewelry-shop","timestamp":"2024-12-20 04:51:04"}
{"level":"info","message":"服务器已启动，运行在 development 模式下","service":"jewelry-shop","timestamp":"2024-12-20 04:51:10"}
{"level":"info","message":"监听端口: 3000","service":"jewelry-shop","timestamp":"2024-12-20 04:51:10"}
{"level":"info","message":"API地址: http://localhost:3000/api/v1","service":"jewelry-shop","timestamp":"2024-12-20 04:51:10"}
{"level":"info","message":"数据库连接成功","service":"jewelry-shop","timestamp":"2024-12-20 04:51:10"}
{"level":"info","message":"服务器已启动，运行在 development 模式下","service":"jewelry-shop","timestamp":"2024-12-20 04:54:41"}
{"level":"info","message":"监听端口: 3000","service":"jewelry-shop","timestamp":"2024-12-20 04:54:41"}
{"level":"info","message":"API地址: http://localhost:3000/api/v1","service":"jewelry-shop","timestamp":"2024-12-20 04:54:41"}
{"level":"info","message":"数据库连接成功","service":"jewelry-shop","timestamp":"2024-12-20 04:54:42"}
{"level":"info","message":"服务器已启动，运行在 development 模式下","service":"jewelry-shop","timestamp":"2024-12-20 04:58:28"}
{"level":"info","message":"监听端口: 3000","service":"jewelry-shop","timestamp":"2024-12-20 04:58:28"}
{"level":"info","message":"API地址: http://localhost:3000/api/v1","service":"jewelry-shop","timestamp":"2024-12-20 04:58:28"}
{"level":"info","message":"数据库连接成功","service":"jewelry-shop","timestamp":"2024-12-20 04:58:28"}
{"ip":"::1","level":"info","message":"Request started","method":"POST","requestId":"of0q1i","service":"jewelry-shop","timestamp":"2024-12-20 04:59:42","url":"/api/v1/auth/register","userAgent":"curl/8.7.1"}
{"duration":"83ms","level":"info","message":"Request completed","method":"POST","requestId":"of0q1i","service":"jewelry-shop","status":400,"timestamp":"2024-12-20 04:59:42","url":"/register"}
{"ip":"::1","level":"info","message":"Request started","method":"POST","requestId":"53a9fd","service":"jewelry-shop","timestamp":"2024-12-20 04:59:50","url":"/api/v1/auth/register","userAgent":"curl/8.7.1"}
{"code":"ER_BAD_FIELD_ERROR","errno":1054,"level":"error","message":"Unknown column 'real_name' in 'field list'","service":"jewelry-shop","sql":"INSERT INTO users (username, email, password, real_name, phone, role, status)\n             VALUES (?, ?, ?, ?, ?, 'user', 'active')","sqlMessage":"Unknown column 'real_name' in 'field list'","sqlState":"42S22","stack":"Error: Unknown column 'real_name' in 'field list'\n    at PromisePool.execute (/Users/xiaoyang/Downloads/xm/ds/server/node_modules/mysql2/lib/promise/pool.js:54:22)\n    at Object.query (/Users/xiaoyang/Downloads/xm/ds/server/models/db.js:33:39)\n    at register (/Users/xiaoyang/Downloads/xm/ds/server/controllers/userController.js:26:35)","timestamp":"2024-12-20 04:59:50"}
{"code":"ER_BAD_FIELD_ERROR","errno":1054,"level":"error","message":"Unknown column 'real_name' in 'field list'","service":"jewelry-shop","sql":"INSERT INTO users (username, email, password, real_name, phone, role, status)\n             VALUES (?, ?, ?, ?, ?, 'user', 'active')","sqlMessage":"Unknown column 'real_name' in 'field list'","sqlState":"42S22","stack":"Error: Unknown column 'real_name' in 'field list'\n    at PromisePool.execute (/Users/xiaoyang/Downloads/xm/ds/server/node_modules/mysql2/lib/promise/pool.js:54:22)\n    at Object.query (/Users/xiaoyang/Downloads/xm/ds/server/models/db.js:33:39)\n    at register (/Users/xiaoyang/Downloads/xm/ds/server/controllers/userController.js:26:35)","timestamp":"2024-12-20 04:59:50"}
{"duration":"191ms","level":"info","message":"Request completed","method":"POST","requestId":"53a9fd","service":"jewelry-shop","status":500,"timestamp":"2024-12-20 04:59:50","url":"/register"}
{"level":"info","message":"服务器已启动，运行在 development 模式下","service":"jewelry-shop","timestamp":"2024-12-20 05:31:19"}
{"level":"info","message":"监听端口: 3000","service":"jewelry-shop","timestamp":"2024-12-20 05:31:19"}
{"level":"info","message":"API地址: http://localhost:3000/api/v1","service":"jewelry-shop","timestamp":"2024-12-20 05:31:19"}
{"code":"ER_ACCESS_DENIED_ERROR","errno":1045,"level":"error","message":"数据库连接失败: Access denied for user 'root'@'localhost' (using password: YES)","service":"jewelry-shop","sqlMessage":"Access denied for user 'root'@'localhost' (using password: YES)","sqlState":"28000","stack":"Error: Access denied for user 'root'@'localhost' (using password: YES)\n    at Packet.asError (/Users/xiaoyang/Downloads/xm/ds/server/node_modules/mysql2/lib/packets/packet.js:740:17)\n    at ClientHandshake.execute (/Users/xiaoyang/Downloads/xm/ds/server/node_modules/mysql2/lib/commands/command.js:29:26)\n    at PoolConnection.handlePacket (/Users/xiaoyang/Downloads/xm/ds/server/node_modules/mysql2/lib/base/connection.js:475:34)\n    at PacketParser.onPacket (/Users/xiaoyang/Downloads/xm/ds/server/node_modules/mysql2/lib/base/connection.js:93:12)\n    at PacketParser.executeStart (/Users/xiaoyang/Downloads/xm/ds/server/node_modules/mysql2/lib/packet_parser.js:75:16)\n    at Socket.<anonymous> (/Users/xiaoyang/Downloads/xm/ds/server/node_modules/mysql2/lib/base/connection.js:100:25)\n    at Socket.emit (node:events:513:28)\n    at addChunk (node:internal/streams/readable:559:12)\n    at readableAddChunkPushByteMode (node:internal/streams/readable:510:3)\n    at Readable.push (node:internal/streams/readable:390:5)","timestamp":"2024-12-20 05:31:19"}
